TN:
SF:src/add.ts
FN:9,add
FNF:1
FNH:1
FNDA:8,add
DA:1,1
DA:2,1
DA:3,1
DA:4,1
DA:5,1
DA:6,1
DA:7,1
DA:8,1
DA:9,1
DA:10,8
DA:11,8
DA:12,8
DA:13,18
DA:14,8
DA:15,8
DA:16,8
DA:17,8
LF:17
LH:17
BRDA:9,0,0,8
BRDA:12,1,0,18
BRF:2
BRH:2
end_of_record
TN:
SF:src/app.ts
FNF:0
FNH:0
DA:1,1
DA:2,1
DA:3,1
DA:4,1
DA:5,1
DA:6,1
DA:7,1
DA:8,1
DA:9,1
DA:10,1
DA:11,1
DA:12,1
DA:13,1
DA:14,1
DA:15,1
DA:16,1
DA:17,1
DA:18,1
DA:19,1
DA:20,2
DA:21,2
DA:22,2
DA:23,2
DA:24,2
DA:25,1
DA:26,1
DA:27,1
LF:27
LH:27
BRDA:14,0,0,1
BRDA:19,1,0,2
BRF:2
BRH:2
end_of_record
TN:
SF:src/validator.ts
FN:6,validateAddQuery
FNF:1
FNH:1
FNDA:11,validateAddQuery
DA:1,1
DA:2,1
DA:3,1
DA:4,1
DA:5,1
DA:6,11
DA:7,11
DA:8,11
DA:9,11
DA:10,11
DA:11,11
DA:12,11
DA:13,11
DA:14,11
DA:15,2
DA:16,2
DA:17,2
DA:18,2
DA:19,9
DA:20,9
DA:21,9
DA:22,9
DA:23,11
DA:24,2
DA:25,2
DA:26,2
DA:27,11
DA:28,7
DA:29,10
DA:30,10
DA:31,2
DA:32,2
DA:33,2
DA:34,2
DA:35,10
DA:36,5
DA:37,5
DA:38,5
DA:39,11
DA:40,1
DA:41,11
DA:42,1
DA:43,1
DA:44,1
DA:45,1
DA:46,5
DA:47,5
DA:48,5
LF:48
LH:48
BRDA:6,0,0,11
BRDA:14,1,0,2
BRDA:19,2,0,9
BRDA:23,3,0,2
BRDA:27,4,0,7
BRDA:28,5,0,10
BRDA:30,6,0,2
BRDA:36,7,0,5
BRDA:37,8,0,5
BRDA:39,9,0,1
BRDA:41,10,0,4
BRDA:41,11,0,1
BRDA:46,12,0,5
BRF:13
BRH:13
end_of_record
